\BOOKMARK [0][-]{chapter.1}{\376\377\000I\000n\000t\000r\000o\000d\000u\000c\000t\000i\000o\000n}{}% 1
\BOOKMARK [1][-]{section.1.1}{\376\377\000W\000h\000a\000t\000\040\000i\000s\000\040\000a\000\040\000p\000e\000r\000m\000i\000s\000s\000i\000o\000n\000\040\000s\000y\000s\000t\000e\000m\000?}{chapter.1}% 2
\BOOKMARK [1][-]{section.1.2}{\376\377\000W\000h\000y\000\040\000a\000r\000e\000\040\000p\000e\000r\000m\000i\000s\000s\000i\000o\000n\000\040\000s\000y\000s\000t\000e\000m\000s\000\040\000n\000e\000c\000e\000s\000s\000a\000r\000y\000?}{chapter.1}% 3
\BOOKMARK [1][-]{section.1.3}{\376\377\000W\000h\000a\000t\000\040\000i\000s\000\040\000t\000h\000e\000\040\000p\000u\000r\000p\000o\000s\000e\000\040\000o\000f\000\040\000t\000h\000i\000s\000\040\000t\000h\000e\000s\000i\000s\000?}{chapter.1}% 4
\BOOKMARK [1][-]{section.1.4}{\376\377\000T\000h\000e\000s\000i\000s\000\040\000s\000t\000r\000u\000c\000t\000u\000r\000e}{chapter.1}% 5
\BOOKMARK [0][-]{chapter.2}{\376\377\000P\000e\000r\000m\000i\000s\000s\000i\000o\000n\000\040\000i\000m\000p\000l\000e\000m\000e\000n\000t\000a\000t\000i\000o\000n\000s\000\040\000i\000n\000\040\000o\000t\000h\000e\000r\000\040\000a\000p\000p\000l\000i\000c\000a\000t\000i\000o\000n\000s}{}% 6
\BOOKMARK [1][-]{section.2.1}{\376\377\000G\000o\000o\000g\000l\000e\000\040\000D\000r\000i\000v\000e}{chapter.2}% 7
\BOOKMARK [1][-]{section.2.2}{\376\377\000U\000n\000i\000x\000\040\000s\000y\000s\000t\000e\000m\000s}{chapter.2}% 8
\BOOKMARK [0][-]{chapter.3}{\376\377\000P\000e\000r\000m\000i\000s\000s\000i\000o\000n\000\040\000m\000a\000n\000a\000g\000e\000m\000e\000n\000t}{}% 9
\BOOKMARK [1][-]{section.3.1}{\376\377\000A\000t\000t\000r\000i\000b\000u\000t\000e\000-\000b\000a\000s\000e\000d\000\040\000a\000c\000c\000e\000s\000s\000\040\000c\000o\000n\000t\000r\000o\000l}{chapter.3}% 10
\BOOKMARK [1][-]{section.3.2}{\376\377\000R\000o\000l\000e\000-\000b\000a\000s\000e\000d\000\040\000a\000c\000c\000e\000s\000s\000\040\000c\000o\000n\000t\000r\000o\000l}{chapter.3}% 11
\BOOKMARK [0][-]{chapter.4}{\376\377\000T\000h\000e\000\040\000a\000p\000p\000l\000i\000c\000a\000t\000i\000o\000n}{}% 12
\BOOKMARK [1][-]{section.4.1}{\376\377\000O\000v\000e\000r\000v\000i\000e\000w\000\040\000o\000f\000\040\000t\000h\000e\000\040\000r\000e\000q\000u\000i\000r\000e\000m\000e\000n\000t\000s}{chapter.4}% 13
\BOOKMARK [1][-]{section.4.2}{\376\377\000B\000a\000c\000k\000e\000n\000d\000\040\040\024\000\040\000u\000s\000e\000d\000\040\000t\000e\000c\000h\000n\000o\000l\000o\000g\000i\000e\000s}{chapter.4}% 14
\BOOKMARK [2][-]{subsection.4.2.1}{\376\377\000.\000N\000E\000T\000\040\000a\000n\000d\000\040\000C\000\043}{section.4.2}% 15
\BOOKMARK [2][-]{subsection.4.2.2}{\376\377\000L\000I\000N\000Q}{section.4.2}% 16
\BOOKMARK [2][-]{subsection.4.2.3}{\376\377\000J\000S\000O\000N\000\040\000W\000e\000b\000\040\000T\000o\000k\000e\000n}{section.4.2}% 17
\BOOKMARK [1][-]{section.4.3}{\376\377\000F\000r\000o\000n\000t\000e\000n\000d\000\040\040\024\000\040\000u\000s\000e\000d\000\040\000t\000e\000c\000h\000n\000o\000l\000o\000g\000i\000e\000s}{chapter.4}% 18
\BOOKMARK [2][-]{subsection.4.3.1}{\376\377\000R\000e\000a\000c\000t\000.\000j\000s}{section.4.3}% 19
\BOOKMARK [2][-]{subsection.4.3.2}{\376\377\000T\000y\000p\000e\000s\000c\000r\000i\000p\000t}{section.4.3}% 20
\BOOKMARK [2][-]{subsection.4.3.3}{\376\377\000M\000a\000t\000e\000r\000i\000a\000l\000\040\000U\000I}{section.4.3}% 21
\BOOKMARK [1][-]{section.4.4}{\376\377\000S\000o\000f\000t\000w\000a\000r\000e\000\040\000R\000e\000q\000u\000i\000r\000e\000m\000e\000n\000t\000s}{chapter.4}% 22
\BOOKMARK [1][-]{section.4.5}{\376\377\000S\000e\000t\000u\000p}{chapter.4}% 23
\BOOKMARK [2][-]{subsection.4.5.1}{\376\377\000B\000a\000c\000k\000e\000n\000d}{section.4.5}% 24
\BOOKMARK [2][-]{subsection.4.5.2}{\376\377\000F\000r\000o\000n\000t\000e\000n\000d}{section.4.5}% 25
\BOOKMARK [1][-]{section.4.6}{\376\377\000I\000m\000p\000l\000e\000m\000e\000n\000t\000a\000t\000i\000o\000n\000\040\000d\000e\000t\000a\000i\000l\000s}{chapter.4}% 26
\BOOKMARK [1][-]{section.4.7}{\376\377\000A\000p\000p\000l\000i\000c\000a\000t\000i\000o\000n\000\040\000u\000s\000a\000g\000e}{chapter.4}% 27
\BOOKMARK [2][-]{subsection.4.7.1}{\376\377\000U\000s\000e\000r\000s}{section.4.7}% 28
\BOOKMARK [2][-]{subsection.4.7.2}{\376\377\000E\000x\000p\000l\000o\000r\000e\000r}{section.4.7}% 29
\BOOKMARK [2][-]{subsection.4.7.3}{\376\377\000P\000e\000r\000m\000i\000s\000s\000i\000o\000n\000\040\000m\000a\000n\000a\000g\000e\000m\000e\000n\000t}{section.4.7}% 30
\BOOKMARK [0][-]{chapter.5}{\376\377\000C\000o\000n\000c\000l\000u\000s\000i\000o\000n\000s\000\040\000a\000n\000d\000\040\000F\000u\000t\000u\000r\000e\000\040\000W\000o\000r\000k}{}% 31
\BOOKMARK [0][-]{chapter*.12}{\376\377\000B\000i\000b\000l\000i\000o\000g\000r\000a\000p\000h\000y}{}% 32
