This is pdfTeX, Version 3.141592653-2.6-1.40.24 (MiKTeX 22.3) (preloaded format=pdflatex 2022.4.12)  22 MAY 2022 19:19
entering extended mode
 restricted \write18 enabled.
 file:line:error style messages enabled.
 %&-line parsing enabled.
**e:/Facultate/A3S2/Licenta/thesis/main.tex
(e:/Facultate/A3S2/Licenta/thesis/main.tex
LaTeX2e <2021-11-15> patch level 1
L3 programming layer <2022-02-24> (C:\Program Files\MiKTeX\tex/latex/base\report.cls
Document Class: report 2021/10/04 v1.4n Standard LaTeX document class
(C:\Program Files\MiKTeX\tex/latex/base\size12.clo
File: size12.clo 2021/10/04 v1.4n Standard LaTeX file (size option)
)
\c@part=\count185
\c@chapter=\count186
\c@section=\count187
\c@subsection=\count188
\c@subsubsection=\count189
\c@paragraph=\count190
\c@subparagraph=\count191
\c@figure=\count192
\c@table=\count193
\abovecaptionskip=\skip47
\belowcaptionskip=\skip48
\bibindent=\dimen138
) (style.sty (C:\Users\Rares\AppData\Roaming\MiKTeX\tex/latex/geometry\geometry.sty
Package: geometry 2020/01/02 v5.9 Page Geometry
 (C:\Program Files\MiKTeX\tex/latex/graphics\keyval.sty
Package: keyval 2014/10/28 v1.15 key=value parser (DPC)
\KV@toks@=\toks16
) (C:\Program Files\MiKTeX\tex/generic/iftex\ifvtex.sty
Package: ifvtex 2019/10/25 v1.7 ifvtex legacy package. Use iftex instead.
 (C:\Program Files\MiKTeX\tex/generic/iftex\iftex.sty
Package: iftex 2022/02/03 v1.0f TeX engine tests
))
\Gm@cnth=\count194
\Gm@cntv=\count195
\c@Gm@tempcnt=\count196
\Gm@bindingoffset=\dimen139
\Gm@wd@mp=\dimen140
\Gm@odd@mp=\dimen141
\Gm@even@mp=\dimen142
\Gm@layoutwidth=\dimen143
\Gm@layoutheight=\dimen144
\Gm@layouthoffset=\dimen145
\Gm@layoutvoffset=\dimen146
\Gm@dimlist=\toks17
 (C:\Users\Rares\AppData\Roaming\MiKTeX\tex/latex/geometry\geometry.cfg)) (C:\Users\Rares\AppData\Roaming\MiKTeX\tex/latex/psnfss\palatino.sty
Package: palatino 2020/03/25 PSNFSS-v9.3 (SPQR) 
) (C:\Users\Rares\AppData\Roaming\MiKTeX\tex/latex/setspace\setspace.sty
Package: setspace 2011/12/19 v6.7a set line spacing
) (C:\Program Files\MiKTeX\tex/latex/base\inputenc.sty
Package: inputenc 2021/02/14 v1.3d Input encoding file
\inpenc@prehook=\toks18
\inpenc@posthook=\toks19
) (C:\Program Files\MiKTeX\tex/latex/graphics\graphicx.sty
Package: graphicx 2021/09/16 v1.2d Enhanced LaTeX Graphics (DPC,SPQR)
 (C:\Program Files\MiKTeX\tex/latex/graphics\graphics.sty
Package: graphics 2021/03/04 v1.4d Standard LaTeX Graphics (DPC,SPQR)
 (C:\Program Files\MiKTeX\tex/latex/graphics\trig.sty
Package: trig 2021/08/11 v1.11 sin cos tan (DPC)
) (C:\Program Files\MiKTeX\tex/latex/graphics-cfg\graphics.cfg
File: graphics.cfg 2016/06/04 v1.11 sample graphics configuration
)
Package graphics Info: Driver file: pdftex.def on input line 107.
 (C:\Program Files\MiKTeX\tex/latex/graphics-def\pdftex.def
File: pdftex.def 2020/10/05 v1.2a Graphics/color driver for pdftex
))
\Gin@req@height=\dimen147
\Gin@req@width=\dimen148
) (C:\Program Files\MiKTeX\tex/latex/url\url.sty
\Urlmuskip=\muskip16
Package: url 2013/09/16  ver 3.4  Verb mode for urls, etc.
) (C:\Users\Rares\AppData\Roaming\MiKTeX\tex/latex/tocbibind\tocbibind.sty
Package: tocbibind 2010/10/13 v1.5k extra ToC listings
Package tocbibind Info: The document has chapter divisions on input line 50.


Package tocbibind Note: Using chapter style headings, unless overridden.

) (C:\Program Files\MiKTeX\tex/latex/hyperref\hyperref.sty
Package: hyperref 2022-02-21 v7.00n Hypertext links for LaTeX
 (C:\Users\Rares\AppData\Roaming\MiKTeX\tex/generic/ltxcmds\ltxcmds.sty
Package: ltxcmds 2020-05-10 v1.25 LaTeX kernel commands for general use (HO)
) (C:\Program Files\MiKTeX\tex/generic/pdftexcmds\pdftexcmds.sty
Package: pdftexcmds 2020-06-27 v0.33 Utility functions of pdfTeX for LuaTeX (HO)
 (C:\Users\Rares\AppData\Roaming\MiKTeX\tex/generic/infwarerr\infwarerr.sty
Package: infwarerr 2019/12/03 v1.5 Providing info/warning/error messages (HO)
)
Package pdftexcmds Info: \pdf@primitive is available.
Package pdftexcmds Info: \pdf@ifprimitive is available.
Package pdftexcmds Info: \pdfdraftmode found.
) (C:\Users\Rares\AppData\Roaming\MiKTeX\tex/generic/kvsetkeys\kvsetkeys.sty
Package: kvsetkeys 2019/12/15 v1.18 Key value parser (HO)
) (C:\Users\Rares\AppData\Roaming\MiKTeX\tex/generic/kvdefinekeys\kvdefinekeys.sty
Package: kvdefinekeys 2019-12-19 v1.6 Define keys (HO)
) (C:\Users\Rares\AppData\Roaming\MiKTeX\tex/generic/pdfescape\pdfescape.sty
Package: pdfescape 2019/12/09 v1.15 Implements pdfTeX's escape features (HO)
) (C:\Users\Rares\AppData\Roaming\MiKTeX\tex/latex/hycolor\hycolor.sty
Package: hycolor 2020-01-27 v1.10 Color options for hyperref/bookmark (HO)
) (C:\Users\Rares\AppData\Roaming\MiKTeX\tex/latex/letltxmacro\letltxmacro.sty
Package: letltxmacro 2019/12/03 v1.6 Let assignment for LaTeX macros (HO)
) (C:\Users\Rares\AppData\Roaming\MiKTeX\tex/latex/auxhook\auxhook.sty
Package: auxhook 2019-12-17 v1.6 Hooks for auxiliary files (HO)
) (C:\Users\Rares\AppData\Roaming\MiKTeX\tex/latex/kvoptions\kvoptions.sty
Package: kvoptions 2020-10-07 v3.14 Key value format for package options (HO)
)
\@linkdim=\dimen149
\Hy@linkcounter=\count197
\Hy@pagecounter=\count198
 (C:\Program Files\MiKTeX\tex/latex/hyperref\pd1enc.def
File: pd1enc.def 2022-02-21 v7.00n Hyperref: PDFDocEncoding definition (HO)
Now handling font encoding PD1 ...
... no UTF-8 mapping file for font encoding PD1
) (C:\Users\Rares\AppData\Roaming\MiKTeX\tex/generic/intcalc\intcalc.sty
Package: intcalc 2019/12/15 v1.3 Expandable calculations with integers (HO)
) (C:\Users\Rares\AppData\Roaming\MiKTeX\tex/generic/etexcmds\etexcmds.sty
Package: etexcmds 2019/12/15 v1.7 Avoid name clashes with e-TeX commands (HO)
)
\Hy@SavedSpaceFactor=\count199
 (C:\Program Files\MiKTeX\tex/latex/hyperref\puenc.def
File: puenc.def 2022-02-21 v7.00n Hyperref: PDF Unicode definition (HO)
Now handling font encoding PU ...
... no UTF-8 mapping file for font encoding PU
)
Package hyperref Info: Option `unicode' set `true' on input line 4018.
Package hyperref Info: Hyper figures OFF on input line 4137.
Package hyperref Info: Link nesting OFF on input line 4142.
Package hyperref Info: Hyper index ON on input line 4145.
Package hyperref Info: Plain pages OFF on input line 4152.
Package hyperref Info: Backreferencing OFF on input line 4157.
Package hyperref Info: Implicit mode ON; LaTeX internals redefined.
Package hyperref Info: Bookmarks ON on input line 4390.
\c@Hy@tempcnt=\count266
LaTeX Info: Redefining \url on input line 4749.
\XeTeXLinkMargin=\dimen150
 (C:\Users\Rares\AppData\Roaming\MiKTeX\tex/generic/bitset\bitset.sty
Package: bitset 2019/12/09 v1.3 Handle bit-vector datatype (HO)
 (C:\Users\Rares\AppData\Roaming\MiKTeX\tex/generic/bigintcalc\bigintcalc.sty
Package: bigintcalc 2019/12/15 v1.5 Expandable calculations on big integers (HO)
))
\Fld@menulength=\count267
\Field@Width=\dimen151
\Fld@charsize=\dimen152
Package hyperref Info: Hyper figures OFF on input line 6027.
Package hyperref Info: Link nesting OFF on input line 6032.
Package hyperref Info: Hyper index ON on input line 6035.
Package hyperref Info: backreferencing OFF on input line 6042.
Package hyperref Info: Link coloring OFF on input line 6047.
Package hyperref Info: Link coloring with OCG OFF on input line 6052.
Package hyperref Info: PDF/A mode OFF on input line 6057.
LaTeX Info: Redefining \ref on input line 6097.
LaTeX Info: Redefining \pageref on input line 6101.
 (C:\Program Files\MiKTeX\tex/latex/base\atbegshi-ltx.sty
Package: atbegshi-ltx 2021/01/10 v1.0c Emulation of the original atbegshi
package with kernel methods
)
\Hy@abspage=\count268
\c@Item=\count269
\c@Hfootnote=\count270
)
Package hyperref Info: Driver (autodetected): hpdftex.
 (C:\Program Files\MiKTeX\tex/latex/hyperref\hpdftex.def
File: hpdftex.def 2022-02-21 v7.00n Hyperref driver for pdfTeX
 (C:\Program Files\MiKTeX\tex/latex/base\atveryend-ltx.sty
Package: atveryend-ltx 2020/08/19 v1.0a Emulation of the original atveryend package
with kernel methods
)
\Fld@listcount=\count271
\c@bookmark@seq@number=\count272
 (C:\Users\Rares\AppData\Roaming\MiKTeX\tex/latex/rerunfilecheck\rerunfilecheck.sty
Package: rerunfilecheck 2019/12/05 v1.9 Rerun checks for auxiliary files (HO)
 (C:\Users\Rares\AppData\Roaming\MiKTeX\tex/generic/uniquecounter\uniquecounter.sty
Package: uniquecounter 2019/12/15 v1.4 Provide unlimited unique counter (HO)
)
Package uniquecounter Info: New unique counter `rerunfilecheck' on input line 286.
)
\Hy@SectionHShift=\skip49
) (C:\Program Files\MiKTeX\tex/latex/etoolbox\etoolbox.sty
Package: etoolbox 2020/10/05 v2.5k e-TeX tools for LaTeX (JAW)
\etb@tempcnta=\count273
) (C:\Program Files\MiKTeX\tex/latex/base\ifthen.sty
Package: ifthen 2020/11/24 v1.1c Standard LaTeX ifthen package (DPC)
) (C:\Program Files\MiKTeX\tex/generic/babel\babel.sty
Package: babel 2022/02/26 3.73 The Babel package
\babel@savecnt=\count274
\U@D=\dimen153
\l@unhyphenated=\language79
 (C:\Program Files\MiKTeX\tex/generic/babel\txtbabel.def)
\bbl@readstream=\read2
\bbl@dirlevel=\count275

*************************************
* Local config file bblopts.cfg used
*
(C:\Program Files\MiKTeX\tex/latex/arabi\bblopts.cfg
File: bblopts.cfg 2005/09/08 v0.1 add Arabic and Farsi to "declared" options of babel
) (C:\Program Files\MiKTeX\tex/latex/babel-english\english.ldf
Language: english 2017/06/06 v3.3r English support from the babel system
Package babel Info: Hyphen rules for 'canadian' set to \l@english
(babel)             (\language0). Reported on input line 102.
Package babel Info: Hyphen rules for 'australian' set to \l@ukenglish
(babel)             (\language73). Reported on input line 105.
Package babel Info: Hyphen rules for 'newzealand' set to \l@ukenglish
(babel)             (\language73). Reported on input line 108.
))) (C:\Users\Rares\AppData\Roaming\MiKTeX\tex/latex/fancyhdr\fancyhdr.sty
Package: fancyhdr 2021/01/28 v4.0.1 Extensive control of page headers and footers
\f@nch@headwidth=\skip50
\f@nch@O@elh=\skip51
\f@nch@O@erh=\skip52
\f@nch@O@olh=\skip53
\f@nch@O@orh=\skip54
\f@nch@O@elf=\skip55
\f@nch@O@erf=\skip56
\f@nch@O@olf=\skip57
\f@nch@O@orf=\skip58
)
LaTeX Font Info:    Trying to load font information for OT1+ppl on input line 18.
 (C:\Users\Rares\AppData\Roaming\MiKTeX\tex/latex/psnfss\ot1ppl.fd
File: ot1ppl.fd 2001/06/04 font definitions for OT1/ppl.
) (C:\Program Files\MiKTeX\tex/latex/l3backend\l3backend-pdftex.def
File: l3backend-pdftex.def 2022-02-07 L3 backend support: PDF output (pdfTeX)
\l__color_backend_stack_int=\count276
\l__pdf_internal_box=\box50
) (main.aux)
\openout1 = `main.aux'.

LaTeX Font Info:    Checking defaults for OML/cmm/m/it on input line 18.
LaTeX Font Info:    ... okay on input line 18.
LaTeX Font Info:    Checking defaults for OMS/cmsy/m/n on input line 18.
LaTeX Font Info:    ... okay on input line 18.
LaTeX Font Info:    Checking defaults for OT1/cmr/m/n on input line 18.
LaTeX Font Info:    ... okay on input line 18.
LaTeX Font Info:    Checking defaults for T1/cmr/m/n on input line 18.
LaTeX Font Info:    ... okay on input line 18.
LaTeX Font Info:    Checking defaults for TS1/cmr/m/n on input line 18.
LaTeX Font Info:    ... okay on input line 18.
LaTeX Font Info:    Checking defaults for OMX/cmex/m/n on input line 18.
LaTeX Font Info:    ... okay on input line 18.
LaTeX Font Info:    Checking defaults for U/cmr/m/n on input line 18.
LaTeX Font Info:    ... okay on input line 18.
LaTeX Font Info:    Checking defaults for PD1/pdf/m/n on input line 18.
LaTeX Font Info:    ... okay on input line 18.
LaTeX Font Info:    Checking defaults for PU/pdf/m/n on input line 18.
LaTeX Font Info:    ... okay on input line 18.

*geometry* driver: auto-detecting
*geometry* detected driver: pdftex
*geometry* verbose mode - [ preamble ] result:
* driver: pdftex
* paper: a4paper
* layout: <same size as paper>
* layoutoffset:(h,v)=(0.0pt,0.0pt)
* modes: 
* h-part:(L,W,R)=(85.35826pt, 441.01773pt, 71.13188pt)
* v-part:(T,H,B)=(71.13188pt, 702.78308pt, 71.13188pt)
* \paperwidth=597.50787pt
* \paperheight=845.04684pt
* \textwidth=441.01773pt
* \textheight=702.78308pt
* \oddsidemargin=13.08827pt
* \evensidemargin=13.08827pt
* \topmargin=-38.1381pt
* \headheight=12.0pt
* \headsep=25.0pt
* \topskip=12.0pt
* \footskip=30.0pt
* \marginparwidth=44.0pt
* \marginparsep=10.0pt
* \columnsep=10.0pt
* \skip\footins=10.8pt plus 4.0pt minus 2.0pt
* \hoffset=0.0pt
* \voffset=0.0pt
* \mag=1000
* \@twocolumnfalse
* \@twosidefalse
* \@mparswitchfalse
* \@reversemarginfalse
* (1in=72.27pt=25.4mm, 1cm=28.453pt)

(C:\Program Files\MiKTeX\tex/context/base/mkii\supp-pdf.mkii
[Loading MPS to PDF converter (version 2006.09.02).]
\scratchcounter=\count277
\scratchdimen=\dimen154
\scratchbox=\box51
\nofMPsegments=\count278
\nofMParguments=\count279
\everyMPshowfont=\toks20
\MPscratchCnt=\count280
\MPscratchDim=\dimen155
\MPnumerator=\count281
\makeMPintoPDFobject=\count282
\everyMPtoPDFconversion=\toks21
) (C:\Program Files\MiKTeX\tex/latex/epstopdf-pkg\epstopdf-base.sty
Package: epstopdf-base 2020-01-24 v2.11 Base part for package epstopdf
Package epstopdf-base Info: Redefining graphics rule for `.eps' on input line 485.
 (C:\Program Files\MiKTeX\tex/latex/00miktex\epstopdf-sys.cfg
File: epstopdf-sys.cfg 2021/03/18 v2.0 Configuration of epstopdf for MiKTeX
))
Package hyperref Info: Link coloring OFF on input line 18.
 (C:\Program Files\MiKTeX\tex/latex/hyperref\nameref.sty
Package: nameref 2021-04-02 v2.47 Cross-referencing by name of section
 (C:\Users\Rares\AppData\Roaming\MiKTeX\tex/latex/refcount\refcount.sty
Package: refcount 2019/12/15 v3.6 Data extraction from label references (HO)
) (C:\Users\Rares\AppData\Roaming\MiKTeX\tex/generic/gettitlestring\gettitlestring.sty
Package: gettitlestring 2019/12/15 v1.6 Cleanup title references (HO)
)
\c@section@level=\count283
)
LaTeX Info: Redefining \ref on input line 18.
LaTeX Info: Redefining \pageref on input line 18.
LaTeX Info: Redefining \nameref on input line 18.
 (main.out) (main.out)
\@outlinefile=\write3
\openout3 = `main.out'.

LaTeX Font Info:    External font `cmex10' loaded for size
(Font)              <17.28> on input line 25.
LaTeX Font Info:    External font `cmex10' loaded for size
(Font)              <12> on input line 25.
 [1

{C:/Users/Rares/AppData/Local/MiKTeX/fonts/map/pdftex/pdftex.map}]
pdfTeX warning (ext4): destination with the same identifier (name{page.1}) has been already used, duplicate ignored
<to be read again> 
                   \relax 
l.31 \newpage
              [1]
Overfull \hbox (2.69766pt too wide) in paragraph at lines 37--38
[]\OT1/ppl/m/n/12 This the-sis ex-plores the prob-lem that other web-based col-lab-o-ra-tive con-tent view-
 []


Package fancyhdr Warning: \headheight is too small (12.0pt): 
(fancyhdr)                Make it at least 14.49998pt, for example:
(fancyhdr)                \setlength{\headheight}{14.49998pt}.
(fancyhdr)                You might also make \topmargin smaller to compensate:
(fancyhdr)                \addtolength{\topmargin}{-2.49998pt}.

[1

] (main.toc
LaTeX Font Info:    External font `cmex10' loaded for size
(Font)              <8> on input line 3.
LaTeX Font Info:    External font `cmex10' loaded for size
(Font)              <6> on input line 3.
 [2

])
\tf@toc=\write4
\openout4 = `main.toc'.



Package fancyhdr Warning: \headheight is too small (12.0pt): 
(fancyhdr)                Make it at least 14.49998pt, for example:
(fancyhdr)                \setlength{\headheight}{14.49998pt}.
(fancyhdr)                You might also make \topmargin smaller to compensate:
(fancyhdr)                \addtolength{\topmargin}{-2.49998pt}.

[3] (chapters/chapter1_introduction.tex
Chapter 1.

pdfTeX warning (ext4): destination with the same identifier (name{page.1}) has been already used, duplicate ignored
<to be read again> 
                   \relax 
l.29     \item P
                ermission implementation in other apps --- This chapter expl... [1

]
LaTeX Font Info:    Trying to load font information for TS1+ppl on input line 29.
 (C:\Users\Rares\AppData\Roaming\MiKTeX\tex/latex/psnfss\ts1ppl.fd
File: ts1ppl.fd 2001/06/04 font definitions for TS1/ppl.
)) (chapters/chapter2.tex

Package fancyhdr Warning: \headheight is too small (12.0pt): 
(fancyhdr)                Make it at least 14.49998pt, for example:
(fancyhdr)                \setlength{\headheight}{14.49998pt}.
(fancyhdr)                You might also make \topmargin smaller to compensate:
(fancyhdr)                \addtolength{\topmargin}{-2.49998pt}.

[2]
Chapter 2.

Overfull \hbox (0.4213pt too wide) in paragraph at lines 2--3
\OT1/ppl/m/n/12 As pre-vi-ously men-tioned, most im-ple-men-ta-tions for per-mis-sions in other web based
 []

<./figures/chapter2/google_drive_file_structure.png, id=197, 127.22531pt x 113.67468pt>
File: ./figures/chapter2/google_drive_file_structure.png Graphic file (type png)
<use ./figures/chapter2/google_drive_file_structure.png>
Package pdftex.def Info: ./figures/chapter2/google_drive_file_structure.png  used on input line 21.
(pdftex.def)             Requested size: 108.14201pt x 96.62392pt.
[3

]
<./figures/chapter2/unix_file_structure.png, id=205, 238.8925pt x 218.8175pt>
File: ./figures/chapter2/unix_file_structure.png Graphic file (type png)
<use ./figures/chapter2/unix_file_structure.png>
Package pdftex.def Info: ./figures/chapter2/unix_file_structure.png  used on input line 37.
(pdftex.def)             Requested size: 179.16893pt x 164.11272pt.

Underfull \hbox (badness 10000) in paragraph at lines 47--47
[]\OT1/ppl/m/n/12 User
 []


Overfull \hbox (2.92342pt too wide) in paragraph at lines 50--50
[]\OT1/ppl/m/n/12 service1| 
 []


Overfull \hbox (2.92342pt too wide) in paragraph at lines 51--51
[]\OT1/ppl/m/n/12 service2| 
 []


Package fancyhdr Warning: \headheight is too small (12.0pt): 
(fancyhdr)                Make it at least 14.49998pt, for example:
(fancyhdr)                \setlength{\headheight}{14.49998pt}.
(fancyhdr)                You might also make \topmargin smaller to compensate:
(fancyhdr)                \addtolength{\topmargin}{-2.49998pt}.

[4 <./figures/chapter2/google_drive_file_structure.png>]

Package fancyhdr Warning: \headheight is too small (12.0pt): 
(fancyhdr)                Make it at least 14.49998pt, for example:
(fancyhdr)                \setlength{\headheight}{14.49998pt}.
(fancyhdr)                You might also make \topmargin smaller to compensate:
(fancyhdr)                \addtolength{\topmargin}{-2.49998pt}.

[5 <./figures/chapter2/unix_file_structure.png>]
<./figures/chapter2/unix_file_structure_2.png, id=222, 214.8025pt x 221.82875pt>
File: ./figures/chapter2/unix_file_structure_2.png Graphic file (type png)
<use ./figures/chapter2/unix_file_structure_2.png>
Package pdftex.def Info: ./figures/chapter2/unix_file_structure_2.png  used on input line 87.
(pdftex.def)             Requested size: 161.10147pt x 166.37114pt.
) (chapters/chapter3.tex

Package fancyhdr Warning: \headheight is too small (12.0pt): 
(fancyhdr)                Make it at least 14.49998pt, for example:
(fancyhdr)                \setlength{\headheight}{14.49998pt}.
(fancyhdr)                You might also make \topmargin smaller to compensate:
(fancyhdr)                \addtolength{\topmargin}{-2.49998pt}.

[6 <./figures/chapter2/unix_file_structure_2.png>]
Chapter 3.
<./figures/chapter3/abac.png, id=231, 351.56343pt x 314.67563pt>
File: ./figures/chapter3/abac.png Graphic file (type png)
<use ./figures/chapter3/abac.png>
Package pdftex.def Info: ./figures/chapter3/abac.png  used on input line 15.
(pdftex.def)             Requested size: 228.5135pt x 204.53673pt.
[7

 <./figures/chapter3/abac.png>]

Package fancyhdr Warning: \headheight is too small (12.0pt): 
(fancyhdr)                Make it at least 14.49998pt, for example:
(fancyhdr)                \setlength{\headheight}{14.49998pt}.
(fancyhdr)                You might also make \topmargin smaller to compensate:
(fancyhdr)                \addtolength{\topmargin}{-2.49998pt}.

[8]

Package fancyhdr Warning: \headheight is too small (12.0pt): 
(fancyhdr)                Make it at least 14.49998pt, for example:
(fancyhdr)                \setlength{\headheight}{14.49998pt}.
(fancyhdr)                You might also make \topmargin smaller to compensate:
(fancyhdr)                \addtolength{\topmargin}{-2.49998pt}.

[9]) (chapters/chapter4.tex

Package fancyhdr Warning: \headheight is too small (12.0pt): 
(fancyhdr)                Make it at least 14.49998pt, for example:
(fancyhdr)                \setlength{\headheight}{14.49998pt}.
(fancyhdr)                You might also make \topmargin smaller to compensate:
(fancyhdr)                \addtolength{\topmargin}{-2.49998pt}.

[10]
Chapter 4.
[11

]
LaTeX Font Info:    Trying to load font information for OT1+pcr on input line 28.
 (C:\Users\Rares\AppData\Roaming\MiKTeX\tex/latex/psnfss\ot1pcr.fd
File: ot1pcr.fd 2001/06/04 font definitions for OT1/pcr.
)
<./figures/chapter4/linq_example.png, id=266, 237.13594pt x 246.9225pt>
File: ./figures/chapter4/linq_example.png Graphic file (type png)
<use ./figures/chapter4/linq_example.png>
Package pdftex.def Info: ./figures/chapter4/linq_example.png  used on input line 32.
(pdftex.def)             Requested size: 201.56648pt x 209.88509pt.


Package fancyhdr Warning: \headheight is too small (12.0pt): 
(fancyhdr)                Make it at least 14.49998pt, for example:
(fancyhdr)                \setlength{\headheight}{14.49998pt}.
(fancyhdr)                You might also make \topmargin smaller to compensate:
(fancyhdr)                \addtolength{\topmargin}{-2.49998pt}.

[12 <./figures/chapter4/linq_example.png>]

Package fancyhdr Warning: \headheight is too small (12.0pt): 
(fancyhdr)                Make it at least 14.49998pt, for example:
(fancyhdr)                \setlength{\headheight}{14.49998pt}.
(fancyhdr)                You might also make \topmargin smaller to compensate:
(fancyhdr)                \addtolength{\topmargin}{-2.49998pt}.

[13]

Package fancyhdr Warning: \headheight is too small (12.0pt): 
(fancyhdr)                Make it at least 14.49998pt, for example:
(fancyhdr)                \setlength{\headheight}{14.49998pt}.
(fancyhdr)                You might also make \topmargin smaller to compensate:
(fancyhdr)                \addtolength{\topmargin}{-2.49998pt}.

[14]
<./figures/chapter4/appsettings_template.png, id=288, 399.74344pt x 394.47375pt>
File: ./figures/chapter4/appsettings_template.png Graphic file (type png)
<use ./figures/chapter4/appsettings_template.png>
Package pdftex.def Info: ./figures/chapter4/appsettings_template.png  used on input line 98.
(pdftex.def)             Requested size: 339.78351pt x 335.30426pt.


Package fancyhdr Warning: \headheight is too small (12.0pt): 
(fancyhdr)                Make it at least 14.49998pt, for example:
(fancyhdr)                \setlength{\headheight}{14.49998pt}.
(fancyhdr)                You might also make \topmargin smaller to compensate:
(fancyhdr)                \addtolength{\topmargin}{-2.49998pt}.

[15 <./figures/chapter4/appsettings_template.png>]
Overfull \hbox (10.823pt too wide) in paragraph at lines 117--118
[]\OT1/ppl/m/n/12 After set-ting up the [][]\OT1/pcr/m/n/12 appsettings.json []\OT1/ppl/m/n/12 file, the next step is to cre-ate the database
 []


Overfull \hbox (0.81912pt too wide) in paragraph at lines 119--120
\OT1/ppl/m/n/12 database, to do that you need to be in the same di-rec-tory as the [][]\OT1/pcr/m/n/12 appsettings.json
 []

<./figures/chapter4/backend_swagger.png, id=295, 579.66562pt x 583.42969pt>
File: ./figures/chapter4/backend_swagger.png Graphic file (type png)
<use ./figures/chapter4/backend_swagger.png>
Package pdftex.def Info: ./figures/chapter4/backend_swagger.png  used on input line 127.
(pdftex.def)             Requested size: 347.80205pt x 350.0605pt.
<./figures/chapter4/frontend_login.png, id=297, 438.13687pt x 599.99156pt>
File: ./figures/chapter4/frontend_login.png Graphic file (type png)
<use ./figures/chapter4/frontend_login.png>
Package pdftex.def Info: ./figures/chapter4/frontend_login.png  used on input line 141.
(pdftex.def)             Requested size: 219.06789pt x 299.99504pt.

Package fancyhdr Warning: \headheight is too small (12.0pt): 
(fancyhdr)                Make it at least 14.49998pt, for example:
(fancyhdr)                \setlength{\headheight}{14.49998pt}.
(fancyhdr)                You might also make \topmargin smaller to compensate:
(fancyhdr)                \addtolength{\topmargin}{-2.49998pt}.

[16]

Package fancyhdr Warning: \headheight is too small (12.0pt): 
(fancyhdr)                Make it at least 14.49998pt, for example:
(fancyhdr)                \setlength{\headheight}{14.49998pt}.
(fancyhdr)                You might also make \topmargin smaller to compensate:
(fancyhdr)                \addtolength{\topmargin}{-2.49998pt}.

[17 <./figures/chapter4/backend_swagger.png>]
Overfull \hbox (8.5808pt too wide) in paragraph at lines 154--155
[]\OT1/ppl/m/n/12 PathPoint --- rep-re-sents a spe-cific lo-ca-tion, has one im-por-tant prop-erty: [][]\OT1/pcr/m/n/12 isRoot[]\OT1/ppl/m/n/12 .
 []


Package fancyhdr Warning: \headheight is too small (12.0pt): 
(fancyhdr)                Make it at least 14.49998pt, for example:
(fancyhdr)                \setlength{\headheight}{14.49998pt}.
(fancyhdr)                You might also make \topmargin smaller to compensate:
(fancyhdr)                \addtolength{\topmargin}{-2.49998pt}.

[18 <./figures/chapter4/frontend_login.png>]
<./figures/chapter4/frontend_register.png, id=316, 438.13687pt x 599.99156pt>
File: ./figures/chapter4/frontend_register.png Graphic file (type png)
<use ./figures/chapter4/frontend_register.png>
Package pdftex.def Info: ./figures/chapter4/frontend_register.png  used on input line 169.
(pdftex.def)             Requested size: 219.06789pt x 299.99504pt.
<./figures/chapter4/frontend_logout.png, id=317, 584.1825pt x 520.94624pt>
File: ./figures/chapter4/frontend_logout.png Graphic file (type png)
<use ./figures/chapter4/frontend_logout.png>
Package pdftex.def Info: ./figures/chapter4/frontend_logout.png  used on input line 176.
(pdftex.def)             Requested size: 292.09053pt x 260.47249pt.


Package fancyhdr Warning: \headheight is too small (12.0pt): 
(fancyhdr)                Make it at least 14.49998pt, for example:
(fancyhdr)                \setlength{\headheight}{14.49998pt}.
(fancyhdr)                You might also make \topmargin smaller to compensate:
(fancyhdr)                \addtolength{\topmargin}{-2.49998pt}.

[19 <./figures/chapter4/frontend_register.png>]
<./figures/chapter4/explorer_home.png, id=324, 524.71031pt x 426.84468pt>
File: ./figures/chapter4/explorer_home.png Graphic file (type png)
<use ./figures/chapter4/explorer_home.png>
Package pdftex.def Info: ./figures/chapter4/explorer_home.png  used on input line 189.
(pdftex.def)             Requested size: 341.05765pt x 277.44576pt.
<./figures/chapter4/explorer_subfolder.png, id=325, 524.71031pt x 426.84468pt>
File: ./figures/chapter4/explorer_subfolder.png Graphic file (type png)
<use ./figures/chapter4/explorer_subfolder.png>
Package pdftex.def Info: ./figures/chapter4/explorer_subfolder.png  used on input line 196.
(pdftex.def)             Requested size: 341.05765pt x 277.44576pt.
<./figures/chapter4/explorer_permission_manager.png, id=329, 996.72375pt x 425.33907pt>
File: ./figures/chapter4/explorer_permission_manager.png Graphic file (type png)
<use ./figures/chapter4/explorer_permission_manager.png>
Package pdftex.def Info: ./figures/chapter4/explorer_permission_manager.png  used on input line 208.
(pdftex.def)             Requested size: 398.68243pt x 170.1326pt.


Package fancyhdr Warning: \headheight is too small (12.0pt): 
(fancyhdr)                Make it at least 14.49998pt, for example:
(fancyhdr)                \setlength{\headheight}{14.49998pt}.
(fancyhdr)                You might also make \topmargin smaller to compensate:
(fancyhdr)                \addtolength{\topmargin}{-2.49998pt}.

[20 <./figures/chapter4/frontend_logout.png>]

Package fancyhdr Warning: \headheight is too small (12.0pt): 
(fancyhdr)                Make it at least 14.49998pt, for example:
(fancyhdr)                \setlength{\headheight}{14.49998pt}.
(fancyhdr)                You might also make \topmargin smaller to compensate:
(fancyhdr)                \addtolength{\topmargin}{-2.49998pt}.

[21 <./figures/chapter4/explorer_home.png> <./figures/chapter4/explorer_subfolder.png>]
<./figures/chapter4/permission_manager_home.png, id=344, 586.44093pt x 412.54124pt>
File: ./figures/chapter4/permission_manager_home.png Graphic file (type png)
<use ./figures/chapter4/permission_manager_home.png>
Package pdftex.def Info: ./figures/chapter4/permission_manager_home.png  used on input line 220.
(pdftex.def)             Requested size: 351.86726pt x 247.52666pt.


Package fancyhdr Warning: \headheight is too small (12.0pt): 
(fancyhdr)                Make it at least 14.49998pt, for example:
(fancyhdr)                \setlength{\headheight}{14.49998pt}.
(fancyhdr)                You might also make \topmargin smaller to compensate:
(fancyhdr)                \addtolength{\topmargin}{-2.49998pt}.

[22 <./figures/chapter4/explorer_permission_manager.png> <./figures/chapter4/permission_manager_home.png>]
<./figures/chapter4/permission_manager_path_points.png, id=355, 708.6475pt x 651.43375pt>
File: ./figures/chapter4/permission_manager_path_points.png Graphic file (type png)
<use ./figures/chapter4/permission_manager_path_points.png>
Package pdftex.def Info: ./figures/chapter4/permission_manager_path_points.png  used on input line 248.
(pdftex.def)             Requested size: 354.32289pt x 325.71606pt.
<./figures/chapter4/permission_manager_correct_path_points.png, id=356, 519.44063pt x 311.66437pt>
File: ./figures/chapter4/permission_manager_correct_path_points.png Graphic file (type png)
<use ./figures/chapter4/permission_manager_correct_path_points.png>
Package pdftex.def Info: ./figures/chapter4/permission_manager_correct_path_points.png  used on input line 256.
(pdftex.def)             Requested size: 337.6324pt x 202.57944pt.
<./figures/chapter4/permission_manager_roles.png, id=358, 697.60625pt x 610.28pt>
File: ./figures/chapter4/permission_manager_roles.png Graphic file (type png)
<use ./figures/chapter4/permission_manager_roles.png>
Package pdftex.def Info: ./figures/chapter4/permission_manager_roles.png  used on input line 276.
(pdftex.def)             Requested size: 348.80226pt x 305.13925pt.


Package fancyhdr Warning: \headheight is too small (12.0pt): 
(fancyhdr)                Make it at least 14.49998pt, for example:
(fancyhdr)                \setlength{\headheight}{14.49998pt}.
(fancyhdr)                You might also make \topmargin smaller to compensate:
(fancyhdr)                \addtolength{\topmargin}{-2.49998pt}.

[23]

Package fancyhdr Warning: \headheight is too small (12.0pt): 
(fancyhdr)                Make it at least 14.49998pt, for example:
(fancyhdr)                \setlength{\headheight}{14.49998pt}.
(fancyhdr)                You might also make \topmargin smaller to compensate:
(fancyhdr)                \addtolength{\topmargin}{-2.49998pt}.

[24 <./figures/chapter4/permission_manager_path_points.png> <./figures/chapter4/permission_manager_correct_path_points.png>]

Package fancyhdr Warning: \headheight is too small (12.0pt): 
(fancyhdr)                Make it at least 14.49998pt, for example:
(fancyhdr)                \setlength{\headheight}{14.49998pt}.
(fancyhdr)                You might also make \topmargin smaller to compensate:
(fancyhdr)                \addtolength{\topmargin}{-2.49998pt}.

[25 <./figures/chapter4/permission_manager_roles.png>]
<./figures/chapter4/permission_manager_permission.png, id=377, 1442.38875pt x 852.18375pt>
File: ./figures/chapter4/permission_manager_permission.png Graphic file (type png)
<use ./figures/chapter4/permission_manager_permission.png>
Package pdftex.def Info: ./figures/chapter4/permission_manager_permission.png  used on input line 300.
(pdftex.def)             Requested size: 432.71997pt x 255.65709pt.
<./figures/chapter4/permission_manager_users.png, id=379, 646.415pt x 679.53876pt>
File: ./figures/chapter4/permission_manager_users.png Graphic file (type png)
<use ./figures/chapter4/permission_manager_users.png>
Package pdftex.def Info: ./figures/chapter4/permission_manager_users.png  used on input line 323.
(pdftex.def)             Requested size: 323.20671pt x 339.76855pt.


Package fancyhdr Warning: \headheight is too small (12.0pt): 
(fancyhdr)                Make it at least 14.49998pt, for example:
(fancyhdr)                \setlength{\headheight}{14.49998pt}.
(fancyhdr)                You might also make \topmargin smaller to compensate:
(fancyhdr)                \addtolength{\topmargin}{-2.49998pt}.

[26 <./figures/chapter4/permission_manager_permission.png>]

Package fancyhdr Warning: \headheight is too small (12.0pt): 
(fancyhdr)                Make it at least 14.49998pt, for example:
(fancyhdr)                \setlength{\headheight}{14.49998pt}.
(fancyhdr)                You might also make \topmargin smaller to compensate:
(fancyhdr)                \addtolength{\topmargin}{-2.49998pt}.

[27 <./figures/chapter4/permission_manager_users.png>]
<./figures/chapter4/permission_manager_result.png, id=392, 476.53032pt x 444.15938pt>
File: ./figures/chapter4/permission_manager_result.png Graphic file (type png)
<use ./figures/chapter4/permission_manager_result.png>
Package pdftex.def Info: ./figures/chapter4/permission_manager_result.png  used on input line 333.
(pdftex.def)             Requested size: 309.74104pt x 288.70016pt.
) (chapters/chapter5.tex) (chapters/chapter6_conclusions.tex

Package fancyhdr Warning: \headheight is too small (12.0pt): 
(fancyhdr)                Make it at least 14.49998pt, for example:
(fancyhdr)                \setlength{\headheight}{14.49998pt}.
(fancyhdr)                You might also make \topmargin smaller to compensate:
(fancyhdr)                \addtolength{\topmargin}{-2.49998pt}.

[28 <./figures/chapter4/permission_manager_result.png>]
Chapter 5.
) (main.bbl [29

]
Underfull \hbox (badness 10000) in paragraph at lines 9--12
[]\OT1/ppl/m/n/12 Keith Casey, ``What Is Attribute-Based Ac-cess Con-
 []


Underfull \hbox (badness 10000) in paragraph at lines 9--12
\OT1/ppl/m/n/12 trol (ABAC)?.'' []$\OT1/pcr/m/n/12 https : / / www . okta . com / blog / 2020 / 09 /
 []


Underfull \hbox (badness 4995) in paragraph at lines 9--12
\OT1/pcr/m/n/12 attribute-[]based-[]access-[]control-[]abac/$[]\OT1/ppl/m/n/12 .  On-line, Ac-cessed: 10
 []


Underfull \hbox (badness 4193) in paragraph at lines 18--21
[]\OT1/ppl/m/n/12 Microsoft, ``En-tity Frame-work Core.'' []$\OT1/pcr/m/n/12 https : / / docs . microsoft . com /
 []


Underfull \hbox (badness 1057) in paragraph at lines 27--30
\OT1/pcr/m/n/12 microsoft . com / en-[]us / dotnet / core / install/$[]\OT1/ppl/m/n/12 .  On-line; ac-cessed 21
 []


Underfull \hbox (badness 10000) in paragraph at lines 32--35
\OT1/pcr/m/n/12 docs . contrastsecurity . com / en / node-[]js-[]system-[]requirements .
 []

) [30

] (main.aux)
Package rerunfilecheck Info: File `main.out' has not changed.
(rerunfilecheck)             Checksum: 19A95513CA832A3D131E87363E5E08CA;4842.
 ) 
Here is how much of TeX's memory you used:
 10780 strings out of 478582
 175887 string characters out of 2854159
 484873 words of memory out of 3000000
 28661 multiletter control sequences out of 15000+600000
 484208 words of font info for 64 fonts, out of 8000000 for 9000
 1141 hyphenation exceptions out of 8191
 75i,11n,77p,637b,443s stack positions out of 10000i,1000n,20000p,200000b,80000s
{C:/Program Files/MiKTeX/fonts/enc/dvips/base/8r.enc}<C:/Program Files/MiKTeX/fonts/type1/urw/courier/ucrr8a.pfb><C:/Program Files/MiKTeX/fonts/type1/urw/palatino/uplb8a.pfb><C:/Program Files/MiKTeX/fonts/type1/urw/palatino/uplr8a.pfb><C:/Program Files/MiKTeX/fonts/type1/urw/palatino/uplr8a.pfb><C:/Program Files/MiKTeX/fonts/type1/urw/palatino/uplri8a.pfb>
Output written on main.pdf (35 pages, 404655 bytes).
PDF statistics:
 467 PDF objects out of 1000 (max. 8388607)
 106 named destinations out of 1000 (max. 500000)
 357 words of extra memory for PDF output out of 10000 (max. 10000000)

